[Wed Nov 12 06:06:02 UTC 2025][INFO] [Action] EE NewBook
[Wed Nov 12 06:06:08 UTC 2025][INFO] [Action] E AutoChapterGroupAction - 0
[Wed Nov 12 06:06:29 UTC 2025][INFO] [Action] E RevertApplyAutoChapterAction - (r,118,118)
[Wed Nov 12 06:06:30 UTC 2025][INFO] [Action] E ApplySemantics - (r,117,117),chapter_title
[Wed Nov 12 06:06:34 UTC 2025][INFO] [Action] E RevertApplyAutoChapterAction - (r,118,118)
[Wed Nov 12 06:07:00 UTC 2025][INFO] [Action] E RevertApplyAutoChapterAction - (r,405,405)
[Wed Nov 12 06:07:00 UTC 2025][INFO] [Action] E RevertApplyAutoChapterAction - (r,1599,1599)
[Wed Nov 12 06:07:01 UTC 2025][INFO] [Action] E RevertApplyAutoChapterAction - (r,2627,2627)
[Wed Nov 12 06:07:01 UTC 2025][INFO] [Action] E RevertApplyAutoChapterAction - (r,2760,2760)
[Wed Nov 12 06:07:02 UTC 2025][INFO] [Action] E RevertApplyAutoChapterAction - (r,2842,2842)
[Wed Nov 12 06:07:03 UTC 2025][INFO] [Action] E RevertApplyAutoChapterAction - (r,3031,3031)
[Wed Nov 12 06:07:03 UTC 2025][INFO] [Action] E RevertApplyAutoChapterAction - (r,3753,3753)
[Wed Nov 12 06:07:04 UTC 2025][INFO] [Action] E RevertApplyAutoChapterAction - (r,4620,4620)
[Wed Nov 12 06:07:06 UTC 2025][INFO] [Action] E RevertApplyAutoChapterAction - (r,5842,5842)
[Wed Nov 12 06:07:06 UTC 2025][INFO] [Action] E RevertApplyAutoChapterAction - (r,5719,5719)
[Wed Nov 12 06:07:07 UTC 2025][INFO] [Action] E RevertApplyAutoChapterAction - (r,5478,5478)
[Wed Nov 12 06:07:08 UTC 2025][INFO] [Action] E RevertApplyAutoChapterAction - (r,5053,5053)
[Wed Nov 12 06:07:09 UTC 2025][INFO] [Action] E RevertApplyAutoChapterAction - (r,4789,4789)
[Wed Nov 12 06:07:22 UTC 2025][INFO] [Action] E RevertApplyAutoChapterAction - (r,9128,9128)
[Wed Nov 12 06:07:30 UTC 2025][INFO] [Action] E RevertApplyAutoChapterAction - (r,9911,9911)
[Wed Nov 12 06:07:30 UTC 2025][INFO] [Action] E RevertApplyAutoChapterAction - (r,9958,9958)
[Wed Nov 12 06:07:31 UTC 2025][INFO] [Action] E RevertApplyAutoChapterAction - (r,10288,10288)
[Wed Nov 12 06:07:31 UTC 2025][INFO] [Action] E RevertApplyAutoChapterAction - (r,10602,10602)
[Wed Nov 12 06:07:32 UTC 2025][INFO] [Action] E RevertApplyAutoChapterAction - (r,10774,10774)
[Wed Nov 12 06:07:32 UTC 2025][INFO] [Action] E RevertApplyAutoChapterAction - (r,10961,10961)
[Wed Nov 12 06:07:37 UTC 2025][INFO] [Action] E RevertApplyAutoChapterAction - (r,11296,11296)
[Wed Nov 12 06:07:38 UTC 2025][INFO] [Action] E RevertApplyAutoChapterAction - (r,11504,11504)
[Wed Nov 12 06:07:38 UTC 2025][INFO] [Action] E RevertApplyAutoChapterAction - (r,11698,11698)
[Wed Nov 12 06:07:39 UTC 2025][INFO] [Action] E RevertApplyAutoChapterAction - (r,12144,12144)
[Wed Nov 12 06:07:39 UTC 2025][INFO] [Action] E RevertApplyAutoChapterAction - (r,12502,12502)
[Wed Nov 12 06:07:41 UTC 2025][INFO] [Action] E RevertApplyAutoChapterAction - (r,12910,12910)
[Wed Nov 12 06:07:41 UTC 2025][INFO] [Action] E RevertApplyAutoChapterAction - (r,12580,12580)
[Wed Nov 12 06:07:42 UTC 2025][INFO] [Action] E RevertApplyAutoChapterAction - (r,13070,13070)
[Wed Nov 12 06:07:42 UTC 2025][INFO] [Action] E RevertApplyAutoChapterAction - (r,13152,13152)
[Wed Nov 12 06:07:43 UTC 2025][INFO] [Action] E RevertApplyAutoChapterAction - (r,13183,13183)
[Wed Nov 12 06:07:46 UTC 2025][INFO] [Action] E RevertApplyAutoChapterAction - (r,13506,13506)
[Wed Nov 12 06:07:46 UTC 2025][INFO] [Action] E RevertApplyAutoChapterAction - (r,13862,13862)
[Wed Nov 12 06:07:47 UTC 2025][INFO] [Action] E RevertApplyAutoChapterAction - (r,14569,14569)
[Wed Nov 12 06:07:48 UTC 2025][INFO] [Action] E RevertApplyAutoChapterAction - (r,14826,14826)
[Wed Nov 12 06:07:49 UTC 2025][INFO] [Action] E RevertApplyAutoChapterAction - (r,14947,14947)
[Wed Nov 12 06:07:49 UTC 2025][INFO] [Action] E RevertApplyAutoChapterAction - (r,15075,15075)
[Wed Nov 12 06:07:50 UTC 2025][INFO] [Action] E RevertApplyAutoChapterAction - (r,15173,15173)
[Wed Nov 12 06:07:50 UTC 2025][INFO] [Action] E RevertApplyAutoChapterAction - (r,15319,15319)
[Wed Nov 12 06:07:51 UTC 2025][INFO] [Action] E RevertApplyAutoChapterAction - (r,15334,15334)
[Wed Nov 12 06:07:53 UTC 2025][INFO] [Action] E RevertApplyAutoChapterAction - (r,15480,15480)
[Wed Nov 12 06:07:54 UTC 2025][INFO] [Action] E RevertApplyAutoChapterAction - (r,15736,15736)
[Wed Nov 12 06:07:54 UTC 2025][INFO] [Action] E RevertApplyAutoChapterAction - (r,15980,15980)
[Wed Nov 12 06:07:55 UTC 2025][INFO] [Action] E RevertApplyAutoChapterAction - (r,16094,16094)
[Wed Nov 12 06:07:55 UTC 2025][INFO] [Action] E RevertApplyAutoChapterAction - (r,16492,16492)
[Wed Nov 12 06:07:56 UTC 2025][INFO] [Action] E RevertApplyAutoChapterAction - (r,16509,16509)
[Wed Nov 12 06:07:58 UTC 2025][INFO] [Action] E RevertApplyAutoChapterAction - (r,16807,16807)
[Wed Nov 12 06:07:58 UTC 2025][INFO] [Action] E RevertApplyAutoChapterAction - (r,17151,17151)
[Wed Nov 12 06:07:59 UTC 2025][INFO] [Action] E RevertApplyAutoChapterAction - (r,17410,17410)
[Wed Nov 12 06:08:00 UTC 2025][INFO] [Action] E RevertApplyAutoChapterAction - (r,18731,18731)
[Wed Nov 12 06:08:00 UTC 2025][INFO] [Action] E RevertApplyAutoChapterAction - (r,18826,18826)
[Wed Nov 12 06:08:01 UTC 2025][INFO] [Action] E RevertApplyAutoChapterAction - (r,19181,19181)
[Wed Nov 12 06:08:01 UTC 2025][INFO] [Action] E RevertApplyAutoChapterAction - (r,19365,19365)
[Wed Nov 12 06:08:02 UTC 2025][INFO] [Action] E RevertApplyAutoChapterAction - (r,20074,20074)
[Wed Nov 12 06:08:04 UTC 2025][INFO] [Action] E ApplySemantics - (r,19364,19364),chapter_title
[Wed Nov 12 06:08:13 UTC 2025][INFO] [Action] E ApplySemantics - (r,17409,17409),chapter_title
[Wed Nov 12 06:08:14 UTC 2025][INFO] [Action] E ApplySemantics - (r,18731,18731),chapter_title
[Wed Nov 12 06:08:31 UTC 2025][INFO] [Action] E SaveBook - SaveAs
[Wed Nov 12 06:08:46 UTC 2025][INFO] [Action] E SaveBook - Save
[Wed Nov 12 06:08:47 UTC 2025][INFO] Logger Terminated
[Wed Nov 12 06:08:59 UTC 2025][INFO] [Action] EE OpenBook - output_KC.kcb
[Wed Nov 12 06:10:09 UTC 2025][INFO] [Action] E SaveBook - Save
[Wed Nov 12 06:10:10 UTC 2025][INFO] Logger Terminated
